<?xml version="1.0" encoding="UTF-8"?>
<!-- Generated by org.testng.reporters.JUnitReportReporter -->
<testsuite hostname="LAPTOP-BITBIFCP" failures="0" tests="1" name="com.mx.undostres.testCases.pages.HomePage" time="10.300" errors="0" timestamp="2022-08-23T02:27:28 IST" skipped="0">
  <testcase classname="com.mx.undostres.testCases.pages.HomePage" name="basePageNaviagation" time="10.300"/>
  <system-out/>
</testsuite> <!-- com.mx.undostres.testCases.pages.HomePage -->
