<?xml version="1.0" encoding="UTF-8"?>
<!-- Generated by org.testng.reporters.JUnitReportReporter -->
<testsuite hostname="LAPTOP-BITBIFCP" failures="0" tests="1" name="com.paraBank.testCases.pages.validateNavigationBar" time="0.001" errors="0" timestamp="2022-08-23T02:38:36 IST" skipped="0">
  <testcase classname="com.paraBank.testCases.pages.validateNavigationBar" name="validateAppNavBar" time="0.001"/>
  <system-out/>
</testsuite> <!-- com.paraBank.testCases.pages.validateNavigationBar -->
