<?xml version="1.0" encoding="UTF-8"?>
<!-- Generated by org.testng.reporters.JUnitReportReporter -->
<testsuite hostname="LAPTOP-BITBIFCP" failures="0" tests="1" name="APackage.HomePage" time="9.240" errors="0" timestamp="2022-08-21T17:38:35 IST" skipped="0">
  <testcase classname="APackage.HomePage" name="basePageNaviagation" time="9.240"/>
  <system-out/>
</testsuite> <!-- APackage.HomePage -->
